

*******************************************************************************
Sun Feb 25 20:30:36 2024


FIT:    data read from "qs-vs-hs.Msteps" using 1:2
        format = x:z
        #datapoints = 6
        residuals are weighted equally (unit weight)

function used for fitting: f_quick(x)
	f_quick(x) = a * x * log(x) + b
fitted parameters initialized with current variable values

iter      chisq       delta/lim  lambda   a             b            
   0 2.7270757946e+14   0.00e+00  4.77e+06    1.000000e+00   1.000000e+00
  10 2.1534768904e-03  -2.50e-01  4.77e-04    1.578206e-06  -2.559699e-02

After 10 iterations the fit converged.
final sum of squares of residuals : 0.00215348
rel. change during last iteration : -2.49711e-06

degrees of freedom    (FIT_NDF)                        : 4
rms of residuals      (FIT_STDFIT) = sqrt(WSSR/ndf)    : 0.0232028
variance of residuals (reduced chisquare) = WSSR/ndf   : 0.000538369

Final set of parameters            Asymptotic Standard Error
=======================            ==========================
a               = 1.57821e-06      +/- 1.905e-09    (0.1207%)
b               = -0.025597        +/- 0.01285      (50.19%)

correlation matrix of the fit parameters:
                a      b      
a               1.000 
b              -0.675  1.000 


*******************************************************************************
Sun Feb 25 20:30:36 2024


FIT:    data read from "qs-vs-hs.Msteps" using 1:3
        format = x:z
        #datapoints = 6
        residuals are weighted equally (unit weight)

function used for fitting: f_heap(x)
	f_heap(x) = c * x * log(x) + d
fitted parameters initialized with current variable values

iter      chisq       delta/lim  lambda   c             d            
   0 2.7270766764e+14   0.00e+00  4.77e+06    1.000000e+00   1.000000e+00
  11 6.8396440560e-05  -1.92e-08  4.77e-03    1.414676e-06  -7.220924e-03

After 11 iterations the fit converged.
final sum of squares of residuals : 6.83964e-05
rel. change during last iteration : -1.91608e-13

degrees of freedom    (FIT_NDF)                        : 4
rms of residuals      (FIT_STDFIT) = sqrt(WSSR/ndf)    : 0.00413511
variance of residuals (reduced chisquare) = WSSR/ndf   : 1.70991e-05

Final set of parameters            Asymptotic Standard Error
=======================            ==========================
c               = 1.41468e-06      +/- 3.396e-10    (0.024%)
d               = -0.00722092      +/- 0.002289     (31.71%)

correlation matrix of the fit parameters:
                c      d      
c               1.000 
d              -0.675  1.000 


*******************************************************************************
Sun Feb 25 20:30:36 2024


FIT:    data read from "qs-vs-hs.Msteps" using 1:4
        format = x:z
        #datapoints = 6
        residuals are weighted equally (unit weight)

function used for fitting: f_quick(x)
	f_quick(x) = a * x * log(x) + b
fitted parameters initialized with current variable values

iter      chisq       delta/lim  lambda   a             b            
   0 1.6082589358e+01   0.00e+00  7.52e+00    1.578206e-06  -2.559699e-02
   6 1.0279730931e-03  -8.87e-08  7.52e-06    1.335700e-06  -2.890104e-02

After 6 iterations the fit converged.
final sum of squares of residuals : 0.00102797
rel. change during last iteration : -8.86791e-13

degrees of freedom    (FIT_NDF)                        : 4
rms of residuals      (FIT_STDFIT) = sqrt(WSSR/ndf)    : 0.016031
variance of residuals (reduced chisquare) = WSSR/ndf   : 0.000256993

Final set of parameters            Asymptotic Standard Error
=======================            ==========================
a               = 1.3357e-06       +/- 1.317e-09    (0.09856%)
b               = -0.028901        +/- 0.008876     (30.71%)

correlation matrix of the fit parameters:
                a      b      
a               1.000 
b              -0.675  1.000 


*******************************************************************************
Sun Feb 25 20:30:36 2024


FIT:    data read from "qs-vs-hs.Msteps" using 1:5
        format = x:z
        #datapoints = 6
        residuals are weighted equally (unit weight)

function used for fitting: f_heap(x)
	f_heap(x) = c * x * log(x) + d
fitted parameters initialized with current variable values

iter      chisq       delta/lim  lambda   c             d            
   0 7.4552872201e-01   0.00e+00  6.74e+00    1.414676e-06  -7.220924e-03
   6 6.2429000760e-04  -5.81e-03  6.74e-06    1.466319e-06  -1.067976e-03

After 6 iterations the fit converged.
final sum of squares of residuals : 0.00062429
rel. change during last iteration : -5.81323e-08

degrees of freedom    (FIT_NDF)                        : 4
rms of residuals      (FIT_STDFIT) = sqrt(WSSR/ndf)    : 0.0124929
variance of residuals (reduced chisquare) = WSSR/ndf   : 0.000156073

Final set of parameters            Asymptotic Standard Error
=======================            ==========================
c               = 1.46632e-06      +/- 1.026e-09    (0.06997%)
d               = -0.00106798      +/- 0.006917     (647.6%)

correlation matrix of the fit parameters:
                c      d      
c               1.000 
d              -0.675  1.000 


*******************************************************************************
Sun Feb 25 20:30:36 2024


FIT:    data read from "qs-vs-hs.Msteps" using 1:6
        format = x:z
        #datapoints = 6
        residuals are weighted equally (unit weight)

function used for fitting: f_quick(x)
	f_quick(x) = a * x * log(x) + b
fitted parameters initialized with current variable values

iter      chisq       delta/lim  lambda   a             b            
   0 3.6775499779e-01   0.00e+00  6.37e+00    1.335700e-06  -2.890104e-02
   6 1.8615877651e-03  -3.20e-08  6.37e-06    1.300024e-06  -3.826278e-02

After 6 iterations the fit converged.
final sum of squares of residuals : 0.00186159
rel. change during last iteration : -3.20324e-13

degrees of freedom    (FIT_NDF)                        : 4
rms of residuals      (FIT_STDFIT) = sqrt(WSSR/ndf)    : 0.0215731
variance of residuals (reduced chisquare) = WSSR/ndf   : 0.000465397

Final set of parameters            Asymptotic Standard Error
=======================            ==========================
a               = 1.30002e-06      +/- 1.772e-09    (0.1363%)
b               = -0.0382628       +/- 0.01194      (31.22%)

correlation matrix of the fit parameters:
                a      b      
a               1.000 
b              -0.675  1.000 


*******************************************************************************
Sun Feb 25 20:30:36 2024


FIT:    data read from "qs-vs-hs.Msteps" using 1:7
        format = x:z
        #datapoints = 6
        residuals are weighted equally (unit weight)

function used for fitting: f_heap(x)
	f_heap(x) = c * x * log(x) + d
fitted parameters initialized with current variable values

iter      chisq       delta/lim  lambda   c             d            
   0 2.9776636940e+00   0.00e+00  6.99e+00    1.466319e-06  -1.067976e-03
   7 9.9104861757e-04  -3.88e-03  6.99e-07    1.364311e-06  -2.535868e-02

After 7 iterations the fit converged.
final sum of squares of residuals : 0.000991049
rel. change during last iteration : -3.88051e-08

degrees of freedom    (FIT_NDF)                        : 4
rms of residuals      (FIT_STDFIT) = sqrt(WSSR/ndf)    : 0.0157405
variance of residuals (reduced chisquare) = WSSR/ndf   : 0.000247762

Final set of parameters            Asymptotic Standard Error
=======================            ==========================
c               = 1.36431e-06      +/- 1.293e-09    (0.09475%)
d               = -0.0253587       +/- 0.008715     (34.37%)

correlation matrix of the fit parameters:
                c      d      
c               1.000 
d              -0.675  1.000 
